This file contains any messages produced by compilers while
running configure, to aid debugging if configure makes a mistake.

It was created by njit8021xclient configure 1.3, which was
generated by GNU Autoconf 2.69.  Invocation command line was

  $ ./configure 

## --------- ##
## Platform. ##
## --------- ##

hostname = Sky-SSS
uname -m = x86_64
uname -r = 3.16.0-44-generic
uname -s = Linux
uname -v = #59~14.04.1-Ubuntu SMP Tue Jul 7 15:07:27 UTC 2015

/usr/bin/uname -p = unknown
/bin/uname -X     = unknown

/bin/arch              = unknown
/usr/bin/arch -k       = unknown
/usr/convex/getsysinfo = unknown
/usr/bin/hostinfo      = unknown
/bin/machine           = unknown
/usr/bin/oslevel       = unknown
/bin/universe          = unknown

PATH: /opt/arm-linux-gcc/4.5.1/bin/
PATH: /home/sky/AndroidStudio/jdk1.7.0_60/bin
PATH: /usr/local/sbin
PATH: /usr/local/bin
PATH: /usr/sbin
PATH: /usr/bin
PATH: /sbin
PATH: /bin
PATH: /usr/games
PATH: /usr/local/games


## ----------- ##
## Core tests. ##
## ----------- ##

configure:1751: checking for a BSD-compatible install
configure:1819: result: /usr/bin/install -c
configure:1830: checking whether build environment is sane
configure:1885: result: yes
configure:2036: checking for a thread-safe mkdir -p
configure:2075: result: /bin/mkdir -p
configure:2082: checking for gawk
configure:2098: found /usr/bin/gawk
configure:2109: result: gawk
configure:2120: checking whether make sets $(MAKE)
configure:2142: result: yes
configure:2171: checking whether make supports nested variables
configure:2188: result: yes
configure:2464: checking that generated files are newer than configure
configure:2470: result: done
configure:2478: creating ./config.status

## ---------------------- ##
## Running config.status. ##
## ---------------------- ##

This file was extended by njit8021xclient config.status 1.3, which was
generated by GNU Autoconf 2.69.  Invocation command line was

  CONFIG_FILES    = 
  CONFIG_HEADERS  = 
  CONFIG_LINKS    = 
  CONFIG_COMMANDS = 
  $ ./config.status 

on Sky-SSS

config.status:743: creating Makefile
configure:3563: === configuring in src (/home/sky/Desktop/8021x-Researh/njit8021xclient/src)
configure:3626: running /bin/bash ./configure --disable-option-checking '--prefix=/usr/local'  --cache-file=/dev/null --srcdir=.

## ---------------- ##
## Cache variables. ##
## ---------------- ##

ac_cv_env_build_alias_set=
ac_cv_env_build_alias_value=
ac_cv_env_host_alias_set=
ac_cv_env_host_alias_value=
ac_cv_env_target_alias_set=
ac_cv_env_target_alias_value=
ac_cv_path_install='/usr/bin/install -c'
ac_cv_path_mkdir=/bin/mkdir
ac_cv_prog_AWK=gawk
ac_cv_prog_make_make_set=yes
am_cv_make_support_nested_variables=yes

## ----------------- ##
## Output variables. ##
## ----------------- ##

ACLOCAL='${SHELL} /home/sky/Desktop/8021x-Researh/njit8021xclient/missing aclocal-1.14'
AMTAR='$${TAR-tar}'
AM_BACKSLASH='\'
AM_DEFAULT_V='$(AM_DEFAULT_VERBOSITY)'
AM_DEFAULT_VERBOSITY='1'
AM_V='$(V)'
AUTOCONF='${SHELL} /home/sky/Desktop/8021x-Researh/njit8021xclient/missing autoconf'
AUTOHEADER='${SHELL} /home/sky/Desktop/8021x-Researh/njit8021xclient/missing autoheader'
AUTOMAKE='${SHELL} /home/sky/Desktop/8021x-Researh/njit8021xclient/missing automake-1.14'
AWK='gawk'
CYGPATH_W='echo'
DEFS='-DPACKAGE_NAME=\"njit8021xclient\" -DPACKAGE_TARNAME=\"njit8021xclient\" -DPACKAGE_VERSION=\"1.3\" -DPACKAGE_STRING=\"njit8021xclient\ 1.3\" -DPACKAGE_BUGREPORT=\"\" -DPACKAGE_URL=\"\" -DPACKAGE=\"njit8021xclient\" -DVERSION=\"1.3\"'
ECHO_C=''
ECHO_N='-n'
ECHO_T=''
INSTALL_DATA='${INSTALL} -m 644'
INSTALL_PROGRAM='${INSTALL}'
INSTALL_SCRIPT='${INSTALL}'
INSTALL_STRIP_PROGRAM='$(install_sh) -c -s'
LIBOBJS=''
LIBS=''
LTLIBOBJS=''
MAKEINFO='${SHELL} /home/sky/Desktop/8021x-Researh/njit8021xclient/missing makeinfo'
MKDIR_P='/bin/mkdir -p'
PACKAGE='njit8021xclient'
PACKAGE_BUGREPORT=''
PACKAGE_NAME='njit8021xclient'
PACKAGE_STRING='njit8021xclient 1.3'
PACKAGE_TARNAME='njit8021xclient'
PACKAGE_URL=''
PACKAGE_VERSION='1.3'
PATH_SEPARATOR=':'
SET_MAKE=''
SHELL='/bin/bash'
STRIP=''
VERSION='1.3'
am__isrc=''
am__leading_dot='.'
am__tar='$${TAR-tar} chof - "$$tardir"'
am__untar='$${TAR-tar} xf -'
bindir='${exec_prefix}/bin'
build_alias=''
datadir='${datarootdir}'
datarootdir='${prefix}/share'
docdir='${datarootdir}/doc/${PACKAGE_TARNAME}'
dvidir='${docdir}'
exec_prefix='${prefix}'
host_alias=''
htmldir='${docdir}'
includedir='${prefix}/include'
infodir='${datarootdir}/info'
install_sh='${SHELL} /home/sky/Desktop/8021x-Researh/njit8021xclient/install-sh'
libdir='${exec_prefix}/lib'
libexecdir='${exec_prefix}/libexec'
localedir='${datarootdir}/locale'
localstatedir='${prefix}/var'
mandir='${datarootdir}/man'
mkdir_p='$(MKDIR_P)'
oldincludedir='/usr/include'
pdfdir='${docdir}'
prefix='/usr/local'
program_transform_name='s,x,x,'
psdir='${docdir}'
sbindir='${exec_prefix}/sbin'
sharedstatedir='${prefix}/com'
subdirs=' src'
sysconfdir='${prefix}/etc'
target_alias=''

## ----------- ##
## confdefs.h. ##
## ----------- ##

/* confdefs.h */
#define PACKAGE_NAME "njit8021xclient"
#define PACKAGE_TARNAME "njit8021xclient"
#define PACKAGE_VERSION "1.3"
#define PACKAGE_STRING "njit8021xclient 1.3"
#define PACKAGE_BUGREPORT ""
#define PACKAGE_URL ""
#define PACKAGE "njit8021xclient"
#define VERSION "1.3"

configure: exit 0
