This file contains any messages produced by compilers while
running configure, to aid debugging if configure makes a mistake.

It was created by njit8021xclient configure 1.0, which was
generated by GNU Autoconf 2.69.  Invocation command line was

  $ ./configure --disable-option-checking --prefix=/usr/local --cache-file=/dev/null --srcdir=.

## --------- ##
## Platform. ##
## --------- ##

hostname = Sky-SSS
uname -m = x86_64
uname -r = 3.16.0-44-generic
uname -s = Linux
uname -v = #59~14.04.1-Ubuntu SMP Tue Jul 7 15:07:27 UTC 2015

/usr/bin/uname -p = unknown
/bin/uname -X     = unknown

/bin/arch              = unknown
/usr/bin/arch -k       = unknown
/usr/convex/getsysinfo = unknown
/usr/bin/hostinfo      = unknown
/bin/machine           = unknown
/usr/bin/oslevel       = unknown
/bin/universe          = unknown

PATH: /opt/arm-linux-gcc/4.5.1/bin/
PATH: /home/sky/AndroidStudio/jdk1.7.0_60/bin
PATH: /usr/local/sbin
PATH: /usr/local/bin
PATH: /usr/sbin
PATH: /usr/bin
PATH: /sbin
PATH: /bin
PATH: /usr/games
PATH: /usr/local/games


## ----------- ##
## Core tests. ##
## ----------- ##

configure:1933: checking program prefix for njit8021xclient
configure:1938: result: njit-
configure:1986: checking for a BSD-compatible install
configure:2054: result: /usr/bin/install -c
configure:2065: checking whether build environment is sane
configure:2120: result: yes
configure:2271: checking for a thread-safe mkdir -p
configure:2310: result: /bin/mkdir -p
configure:2317: checking for gawk
configure:2333: found /usr/bin/gawk
configure:2344: result: gawk
configure:2355: checking whether make sets $(MAKE)
configure:2377: result: yes
configure:2406: checking whether make supports nested variables
configure:2423: result: yes
configure:2669: checking for gcc
configure:2685: found /usr/bin/gcc
configure:2696: result: gcc
configure:2925: checking for C compiler version
configure:2934: gcc --version >&5
gcc (Ubuntu 4.8.4-2ubuntu1~14.04.3) 4.8.4
Copyright (C) 2013 Free Software Foundation, Inc.
This is free software; see the source for copying conditions.  There is NO
warranty; not even for MERCHANTABILITY or FITNESS FOR A PARTICULAR PURPOSE.

configure:2945: $? = 0
configure:2934: gcc -v >&5
Using built-in specs.
COLLECT_GCC=gcc
COLLECT_LTO_WRAPPER=/usr/lib/gcc/x86_64-linux-gnu/4.8/lto-wrapper
Target: x86_64-linux-gnu
Configured with: ../src/configure -v --with-pkgversion='Ubuntu 4.8.4-2ubuntu1~14.04.3' --with-bugurl=file:///usr/share/doc/gcc-4.8/README.Bugs --enable-languages=c,c++,java,go,d,fortran,objc,obj-c++ --prefix=/usr --program-suffix=-4.8 --enable-shared --enable-linker-build-id --libexecdir=/usr/lib --without-included-gettext --enable-threads=posix --with-gxx-include-dir=/usr/include/c++/4.8 --libdir=/usr/lib --enable-nls --with-sysroot=/ --enable-clocale=gnu --enable-libstdcxx-debug --enable-libstdcxx-time=yes --enable-gnu-unique-object --disable-libmudflap --enable-plugin --with-system-zlib --disable-browser-plugin --enable-java-awt=gtk --enable-gtk-cairo --with-java-home=/usr/lib/jvm/java-1.5.0-gcj-4.8-amd64/jre --enable-java-home --with-jvm-root-dir=/usr/lib/jvm/java-1.5.0-gcj-4.8-amd64 --with-jvm-jar-dir=/usr/lib/jvm-exports/java-1.5.0-gcj-4.8-amd64 --with-arch-directory=amd64 --with-ecj-jar=/usr/share/java/eclipse-ecj.jar --enable-objc-gc --enable-multiarch --disable-werror --with-arch-32=i686 --with-abi=m64 --with-multilib-list=m32,m64,mx32 --with-tune=generic --enable-checking=release --build=x86_64-linux-gnu --host=x86_64-linux-gnu --target=x86_64-linux-gnu
Thread model: posix
gcc version 4.8.4 (Ubuntu 4.8.4-2ubuntu1~14.04.3) 
configure:2945: $? = 0
configure:2934: gcc -V >&5
gcc: error: unrecognized command line option '-V'
gcc: fatal error: no input files
compilation terminated.
configure:2945: $? = 4
configure:2934: gcc -qversion >&5
gcc: error: unrecognized command line option '-qversion'
gcc: fatal error: no input files
compilation terminated.
configure:2945: $? = 4
configure:2965: checking whether the C compiler works
configure:2987: gcc    conftest.c  >&5
configure:2991: $? = 0
configure:3039: result: yes
configure:3042: checking for C compiler default output file name
configure:3044: result: a.out
configure:3050: checking for suffix of executables
configure:3057: gcc -o conftest    conftest.c  >&5
configure:3061: $? = 0
configure:3083: result: 
configure:3105: checking whether we are cross compiling
configure:3113: gcc -o conftest    conftest.c  >&5
configure:3117: $? = 0
configure:3124: ./conftest
configure:3128: $? = 0
configure:3143: result: no
configure:3148: checking for suffix of object files
configure:3170: gcc -c   conftest.c >&5
configure:3174: $? = 0
configure:3195: result: o
configure:3199: checking whether we are using the GNU C compiler
configure:3218: gcc -c   conftest.c >&5
configure:3218: $? = 0
configure:3227: result: yes
configure:3236: checking whether gcc accepts -g
configure:3256: gcc -c -g  conftest.c >&5
configure:3256: $? = 0
configure:3297: result: yes
configure:3314: checking for gcc option to accept ISO C89
configure:3377: gcc  -c -g -O2  conftest.c >&5
configure:3377: $? = 0
configure:3390: result: none needed
configure:3415: checking whether gcc understands -c and -o together
configure:3437: gcc -c conftest.c -o conftest2.o
configure:3440: $? = 0
configure:3437: gcc -c conftest.c -o conftest2.o
configure:3440: $? = 0
configure:3452: result: yes
configure:3480: checking for style of include used by make
configure:3508: result: GNU
configure:3534: checking dependency style of gcc
configure:3645: result: gcc3
configure:3670: checking gcc version
configure:3682: result: 4
configure:3853: checking for inline
configure:3889: gcc -c -O2  conftest.c >&5
configure:3889: $? = 0
configure:3904: result: inline
configure:3920: checking for library containing gethostbyname
configure:3951: gcc -o conftest -g -O2   conftest.c  >&5
configure:3951: $? = 0
configure:3968: result: none required
configure:4021: checking for library containing socket
configure:4052: gcc -o conftest -g -O2   conftest.c  >&5
configure:4052: $? = 0
configure:4069: result: none required
configure:4119: checking for library containing putmsg
configure:4150: gcc -o conftest -g -O2   conftest.c  >&5
/tmp/ccM8Nn68.o: In function `main':
/home/sky/Desktop/8021x-Researh/njit8021xclient/src/conftest.c:23: warning: putmsg is not implemented and will always fail
configure:4150: $? = 0
configure:4167: result: none required
configure:4197: checking for local pcap library
configure:4216: result: not found
configure:4268: checking for pcap-config
configure:4301: result: no
configure:4339: checking for main in -lpcap
configure:4358: gcc -o conftest -g -O2   conftest.c -lpcap   >&5
configure:4358: $? = 0
configure:4367: result: yes
configure:4376: checking for extraneous pcap header directories
configure:4387: result: not found
configure:4502: checking for pcap_loop
configure:4502: gcc -o conftest -g -O2   conftest.c -lpcap  >&5
configure:4502: $? = 0
configure:4502: result: yes
configure:4513: checking for pcap_list_datalinks
configure:4513: gcc -o conftest -g -O2   conftest.c -lpcap  >&5
configure:4513: $? = 0
configure:4513: result: yes
configure:4529: checking for pcap_set_datalink
configure:4529: gcc -o conftest -g -O2   conftest.c -lpcap  >&5
configure:4529: $? = 0
configure:4529: result: yes
configure:4536: checking for pcap_datalink_name_to_val
configure:4536: gcc -o conftest -g -O2   conftest.c -lpcap  >&5
configure:4536: $? = 0
configure:4536: result: yes
configure:4542: checking for pcap_datalink_val_to_description
configure:4542: gcc -o conftest -g -O2   conftest.c -lpcap  >&5
configure:4542: $? = 0
configure:4542: result: yes
configure:4573: checking for pcap_breakloop
configure:4573: gcc -o conftest -g -O2   conftest.c -lpcap  >&5
configure:4573: $? = 0
configure:4573: result: yes
configure:4583: checking for pcap_dump_ftell
configure:4583: gcc -o conftest -g -O2   conftest.c -lpcap  >&5
configure:4583: $? = 0
configure:4583: result: yes
configure:4659: checking for pkg-config
configure:4677: found /usr/bin/pkg-config
configure:4689: result: /usr/bin/pkg-config
configure:4714: checking pkg-config is at least version 0.9.0
configure:4717: result: yes
configure:4727: checking for libcrypto
configure:4734: $PKG_CONFIG --exists --print-errors "libcrypto"
configure:4737: $? = 0
configure:4751: $PKG_CONFIG --exists --print-errors "libcrypto"
configure:4754: $? = 0
configure:4812: result: yes
configure:4929: checking that generated files are newer than configure
configure:4935: result: done
configure:4958: creating ./config.status

## ---------------------- ##
## Running config.status. ##
## ---------------------- ##

This file was extended by njit8021xclient config.status 1.0, which was
generated by GNU Autoconf 2.69.  Invocation command line was

  CONFIG_FILES    = 
  CONFIG_HEADERS  = 
  CONFIG_LINKS    = 
  CONFIG_COMMANDS = 
  $ ./config.status 

on Sky-SSS

config.status:859: creating Makefile
config.status:859: creating config.h
config.status:1088: executing depfiles commands

## ---------------- ##
## Cache variables. ##
## ---------------- ##

ac_cv_c_compiler_gnu=yes
ac_cv_env_CC_set=
ac_cv_env_CC_value=
ac_cv_env_CFLAGS_set=
ac_cv_env_CFLAGS_value=
ac_cv_env_CPPFLAGS_set=
ac_cv_env_CPPFLAGS_value=
ac_cv_env_LDFLAGS_set=
ac_cv_env_LDFLAGS_value=
ac_cv_env_LIBS_set=
ac_cv_env_LIBS_value=
ac_cv_env_PKG_CONFIG_LIBDIR_set=
ac_cv_env_PKG_CONFIG_LIBDIR_value=
ac_cv_env_PKG_CONFIG_PATH_set=
ac_cv_env_PKG_CONFIG_PATH_value=
ac_cv_env_PKG_CONFIG_set=
ac_cv_env_PKG_CONFIG_value=
ac_cv_env_build_alias_set=
ac_cv_env_build_alias_value=
ac_cv_env_host_alias_set=
ac_cv_env_host_alias_value=
ac_cv_env_libcrypto_CFLAGS_set=
ac_cv_env_libcrypto_CFLAGS_value=
ac_cv_env_libcrypto_LIBS_set=
ac_cv_env_libcrypto_LIBS_value=
ac_cv_env_target_alias_set=
ac_cv_env_target_alias_value=
ac_cv_func_pcap_breakloop=yes
ac_cv_func_pcap_datalink_name_to_val=yes
ac_cv_func_pcap_datalink_val_to_description=yes
ac_cv_func_pcap_dump_ftell=yes
ac_cv_func_pcap_list_datalinks=yes
ac_cv_func_pcap_loop=yes
ac_cv_func_pcap_set_datalink=yes
ac_cv_lbl_gcc_vers=4
ac_cv_lbl_inline=inline
ac_cv_lib_pcap_main=yes
ac_cv_objext=o
ac_cv_path_ac_pt_PKG_CONFIG=/usr/bin/pkg-config
ac_cv_path_install='/usr/bin/install -c'
ac_cv_path_mkdir=/bin/mkdir
ac_cv_prog_AWK=gawk
ac_cv_prog_ac_ct_CC=gcc
ac_cv_prog_cc_c89=
ac_cv_prog_cc_g=yes
ac_cv_prog_make_make_set=yes
ac_cv_search_gethostbyname='none required'
ac_cv_search_putmsg='none required'
ac_cv_search_socket='none required'
am_cv_CC_dependencies_compiler_type=gcc3
am_cv_make_support_nested_variables=yes
am_cv_prog_cc_c_o=yes
pkg_cv_libcrypto_CFLAGS=' '
pkg_cv_libcrypto_LIBS='-lcrypto  '

## ----------------- ##
## Output variables. ##
## ----------------- ##

ACLOCAL='${SHELL} /home/sky/Desktop/8021x-Researh/njit8021xclient/src/missing aclocal-1.14'
AMDEPBACKSLASH='\'
AMDEP_FALSE='#'
AMDEP_TRUE=''
AMTAR='$${TAR-tar}'
AM_BACKSLASH='\'
AM_DEFAULT_V='$(AM_DEFAULT_VERBOSITY)'
AM_DEFAULT_VERBOSITY='1'
AM_V='$(V)'
AUTOCONF='${SHELL} /home/sky/Desktop/8021x-Researh/njit8021xclient/src/missing autoconf'
AUTOHEADER='${SHELL} /home/sky/Desktop/8021x-Researh/njit8021xclient/src/missing autoheader'
AUTOMAKE='${SHELL} /home/sky/Desktop/8021x-Researh/njit8021xclient/src/missing automake-1.14'
AWK='gawk'
CC='gcc'
CCDEPMODE='depmode=gcc3'
CFLAGS='-g -O2'
CPPFLAGS=''
CYGPATH_W='echo'
DEFS='-DHAVE_CONFIG_H'
DEPDIR='.deps'
ECHO_C=''
ECHO_N='-n'
ECHO_T=''
EXEEXT=''
INSTALL_DATA='${INSTALL} -m 644'
INSTALL_PROGRAM='${INSTALL}'
INSTALL_SCRIPT='${INSTALL}'
INSTALL_STRIP_PROGRAM='$(install_sh) -c -s'
LDFLAGS=''
LIBOBJS=''
LIBS='-lpcap '
LTLIBOBJS=''
MAKEINFO='${SHELL} /home/sky/Desktop/8021x-Researh/njit8021xclient/src/missing makeinfo'
MKDIR_P='/bin/mkdir -p'
OBJEXT='o'
PACKAGE='njit8021xclient'
PACKAGE_BUGREPORT='njit8021xclient@googlegroups.com'
PACKAGE_NAME='njit8021xclient'
PACKAGE_STRING='njit8021xclient 1.0'
PACKAGE_TARNAME='njit8021xclient'
PACKAGE_URL='https://github.com/liuqun/njit8021xclient'
PACKAGE_VERSION='1.0'
PATH_SEPARATOR=':'
PCAP_CONFIG=''
PKG_CONFIG='/usr/bin/pkg-config'
PKG_CONFIG_LIBDIR=''
PKG_CONFIG_PATH=''
SET_MAKE=''
SHELL='/bin/bash'
SHLICC2=''
STRIP=''
VERSION='1.0'
V_CCOPT='-O2'
V_DEFS=''
V_GROUP=''
V_INCLS=''
V_PCAPDEP=''
ac_ct_CC='gcc'
am__EXEEXT_FALSE=''
am__EXEEXT_TRUE='#'
am__fastdepCC_FALSE='#'
am__fastdepCC_TRUE=''
am__include='include'
am__isrc=''
am__leading_dot='.'
am__nodep='_no'
am__quote=''
am__tar='$${TAR-tar} chof - "$$tardir"'
am__untar='$${TAR-tar} xf -'
bindir='${exec_prefix}/bin'
build_alias=''
datadir='${datarootdir}'
datarootdir='${prefix}/share'
docdir='${datarootdir}/doc/${PACKAGE_TARNAME}'
dvidir='${docdir}'
exec_prefix='${prefix}'
host_alias=''
htmldir='${docdir}'
includedir='${prefix}/include'
infodir='${datarootdir}/info'
install_sh='${SHELL} /home/sky/Desktop/8021x-Researh/njit8021xclient/src/install-sh'
libcrypto_CFLAGS=' '
libcrypto_LIBS='-lcrypto  '
libdir='${exec_prefix}/lib'
libexecdir='${exec_prefix}/libexec'
localedir='${datarootdir}/locale'
localstatedir='${prefix}/var'
mandir='${datarootdir}/man'
mkdir_p='$(MKDIR_P)'
oldincludedir='/usr/include'
pdfdir='${docdir}'
prefix='/usr/local'
program_transform_name='s&^&njit-&'
psdir='${docdir}'
sbindir='${exec_prefix}/sbin'
sharedstatedir='${prefix}/com'
sysconfdir='${prefix}/etc'
target_alias=''

## ----------- ##
## confdefs.h. ##
## ----------- ##

/* confdefs.h */
#define PACKAGE_NAME "njit8021xclient"
#define PACKAGE_TARNAME "njit8021xclient"
#define PACKAGE_VERSION "1.0"
#define PACKAGE_STRING "njit8021xclient 1.0"
#define PACKAGE_BUGREPORT "njit8021xclient@googlegroups.com"
#define PACKAGE_URL "https://github.com/liuqun/njit8021xclient"
#define PACKAGE "njit8021xclient"
#define VERSION "1.0"
#define inline inline
#define HAVE_PCAP_LIST_DATALINKS /**/
#define HAVE_PCAP_SET_DATALINK /**/
#define HAVE_PCAP_DATALINK_NAME_TO_VAL /**/
#define HAVE_PCAP_DATALINK_VAL_TO_DESCRIPTION /**/
#define HAVE_PCAP_BREAKLOOP 1
#define HAVE_PCAP_DUMP_FTELL /**/

configure: exit 0
